2024-08-02 14:26:01,210 INFO o.a.j.u.JMeterUtils: Setting Locale to en_EN
2024-08-02 14:26:01,224 INFO o.a.j.JMeter: Loading user properties from: /opt/homebrew/Cellar/jmeter/5.6.3/libexec/bin/user.properties
2024-08-02 14:26:01,224 INFO o.a.j.JMeter: Loading system properties from: /opt/homebrew/Cellar/jmeter/5.6.3/libexec/bin/system.properties
2024-08-02 14:26:01,227 INFO o.a.j.JMeter: Copyright (c) 1998-2024 The Apache Software Foundation
2024-08-02 14:26:01,228 INFO o.a.j.JMeter: Version 5.6.3
2024-08-02 14:26:01,228 INFO o.a.j.JMeter: java.version=21.0.2
2024-08-02 14:26:01,228 INFO o.a.j.JMeter: java.vm.name=OpenJDK 64-Bit Server VM
2024-08-02 14:26:01,228 INFO o.a.j.JMeter: os.name=Mac OS X
2024-08-02 14:26:01,228 INFO o.a.j.JMeter: os.arch=aarch64
2024-08-02 14:26:01,228 INFO o.a.j.JMeter: os.version=14.3.1
2024-08-02 14:26:01,228 INFO o.a.j.JMeter: file.encoding=UTF-8
2024-08-02 14:26:01,228 INFO o.a.j.JMeter: java.awt.headless=null
2024-08-02 14:26:01,228 INFO o.a.j.JMeter: Max memory     =1073741824
2024-08-02 14:26:01,228 INFO o.a.j.JMeter: Available Processors =8
2024-08-02 14:26:01,234 INFO o.a.j.JMeter: Default Locale=English (EN)
2024-08-02 14:26:01,234 INFO o.a.j.JMeter: JMeter  Locale=English (EN)
2024-08-02 14:26:01,234 INFO o.a.j.JMeter: JMeterHome=/opt/homebrew/Cellar/jmeter/5.6.3/libexec
2024-08-02 14:26:01,234 INFO o.a.j.JMeter: user.dir  =/Users/ishidamasahide/product/work/saco/da-acstar-cms
2024-08-02 14:26:01,234 INFO o.a.j.JMeter: PWD       =/Users/ishidamasahide/product/work/saco/da-acstar-cms
2024-08-02 14:26:01,236 INFO o.a.j.JMeter: IP: 127.0.0.1 Name: ishidamasahidenoMac-mini.local FullName: localhost
2024-08-02 14:26:01,244 INFO o.a.j.JMeter: Loaded icon properties from org/apache/jmeter/images/icon.properties
2024-08-02 14:26:01,623 INFO o.a.j.JMeterGuiLauncher: Setting LAF to: com.github.weisj.darklaf.DarkLaf:com.github.weisj.darklaf.theme.DarculaTheme
2024-08-02 14:26:03,168 INFO o.a.j.r.ClassFinder: Will scan jar /opt/homebrew/Cellar/jmeter/5.6.3/libexec/lib/ext/jmeter-plugins-manager-1.9.jar with filter ExtendsClassFilter [parents=[interface org.apache.jmeter.gui.action.Command], inner=false, contains=null, notContains=null]. Consider exposing JMeter plugins via META-INF/services, and add JMeter-Skip-Class-Scanning=true manifest attribute so JMeter can skip classfile scanning
2024-08-02 14:26:03,282 INFO o.a.j.r.ClassFinder: Will scan jar /opt/homebrew/Cellar/jmeter/5.6.3/libexec/lib/ext/jmeter-plugins-manager-1.9.jar with filter ExtendsClassFilter [parents=[interface org.apache.jmeter.gui.plugin.MenuCreator], inner=false, contains=null, notContains=null]. Consider exposing JMeter plugins via META-INF/services, and add JMeter-Skip-Class-Scanning=true manifest attribute so JMeter can skip classfile scanning
2024-08-02 14:26:03,370 INFO o.j.r.JARSourceHTTP: Requesting https://jmeter-plugins.org/repo/?installID=mac_os_x-c239810c8ac9ef5452be89e42817bef5-gui
2024-08-02 14:26:06,454 INFO o.j.r.PluginManager: Plugins Status: [jpgc-plugins-manager=1.9, jmeter-core=5.6.3, jmeter-ftp=5.6.3, jmeter-http=5.6.3, jmeter-jdbc=5.6.3, jmeter-jms=5.6.3, jmeter-junit=5.6.3, jmeter-java=5.6.3, jmeter-ldap=5.6.3, jmeter-mail=5.6.3, jmeter-mongodb=5.6.3, jmeter-native=5.6.3, jmeter-tcp=5.6.3, jmeter-components=5.6.3]
2024-08-02 14:26:06,456 INFO o.j.r.PluginManagerMenuItem: Plugins Manager has upgrades: [jpgc-plugins-manager]
2024-08-02 14:26:14,853 INFO o.a.j.s.FileServer: Default base='/Users/ishidamasahide/product/work/saco/da-acstar-cms'
2024-08-02 14:26:14,855 INFO o.a.j.g.a.Load: Loading file: /Users/ishidamasahide/product/work/saco/da-acstar-cms/apps/api/jmeter/TestPlan.jmx
2024-08-02 14:26:14,855 INFO o.a.j.s.FileServer: Set new base='/Users/ishidamasahide/product/work/saco/da-acstar-cms/apps/api/jmeter'
2024-08-02 14:26:14,964 INFO o.a.j.s.SaveService: Testplan (JMX) version: 2.2. Testlog (JTL) version: 2.2
2024-08-02 14:26:14,970 INFO o.a.j.s.SaveService: Using SaveService properties version 5.0
2024-08-02 14:26:14,971 INFO o.a.j.s.SaveService: Using SaveService properties file encoding UTF-8
2024-08-02 14:26:14,973 INFO o.a.j.s.SaveService: Loading file: /Users/ishidamasahide/product/work/saco/da-acstar-cms/apps/api/jmeter/TestPlan.jmx
2024-08-02 14:26:15,033 INFO o.a.j.p.h.s.HTTPSamplerBase: Parser for text/html is org.apache.jmeter.protocol.http.parser.LagartoBasedHtmlParser
2024-08-02 14:26:15,033 INFO o.a.j.p.h.s.HTTPSamplerBase: Parser for application/xhtml+xml is org.apache.jmeter.protocol.http.parser.LagartoBasedHtmlParser
2024-08-02 14:26:15,033 INFO o.a.j.p.h.s.HTTPSamplerBase: Parser for application/xml is org.apache.jmeter.protocol.http.parser.LagartoBasedHtmlParser
2024-08-02 14:26:15,033 INFO o.a.j.p.h.s.HTTPSamplerBase: Parser for text/xml is org.apache.jmeter.protocol.http.parser.LagartoBasedHtmlParser
2024-08-02 14:26:15,034 INFO o.a.j.p.h.s.HTTPSamplerBase: Parser for text/vnd.wap.wml is org.apache.jmeter.protocol.http.parser.RegexpHTMLParser
2024-08-02 14:26:15,034 INFO o.a.j.p.h.s.HTTPSamplerBase: Parser for text/css is org.apache.jmeter.protocol.http.parser.CssParser
2024-08-02 14:26:15,293 INFO o.a.j.s.SampleResult: Note: Sample TimeStamps are START times
2024-08-02 14:26:15,293 INFO o.a.j.s.SampleResult: sampleresult.default.encoding is set to UTF-8
2024-08-02 14:26:15,294 INFO o.a.j.s.SampleResult: sampleresult.useNanoTime=true
2024-08-02 14:26:15,294 INFO o.a.j.s.SampleResult: sampleresult.nanoThreadSleep=5000
2024-08-02 14:26:15,366 INFO o.a.j.r.ClassFinder: Will scan jar /opt/homebrew/Cellar/jmeter/5.6.3/libexec/lib/ext/jmeter-plugins-manager-1.9.jar with filter ExtendsClassFilter [parents=[interface org.apache.jmeter.visualizers.ResultRenderer], inner=false, contains=null, notContains=null]. Consider exposing JMeter plugins via META-INF/services, and add JMeter-Skip-Class-Scanning=true manifest attribute so JMeter can skip classfile scanning
2024-08-02 14:26:15,376 INFO o.a.j.r.ClassFinder: Will scan jar /opt/homebrew/Cellar/jmeter/5.6.3/libexec/lib/ext/jmeter-plugins-manager-1.9.jar with filter ExtendsClassFilter [parents=[interface org.apache.jmeter.visualizers.RequestView], inner=false, contains=null, notContains=null]. Consider exposing JMeter plugins via META-INF/services, and add JMeter-Skip-Class-Scanning=true manifest attribute so JMeter can skip classfile scanning
2024-08-02 14:26:15,402 INFO o.a.j.s.FileServer: Set new base='/Users/ishidamasahide/product/work/saco/da-acstar-cms/apps/api/jmeter'
