2024-08-02 16:06:14,378 INFO o.a.j.u.JMeterUtils: Setting Locale to en_EN
2024-08-02 16:06:14,395 INFO o.a.j.JMeter: Loading user properties from: /opt/homebrew/Cellar/jmeter/5.6.3/libexec/bin/user.properties
2024-08-02 16:06:14,395 INFO o.a.j.JMeter: Loading system properties from: /opt/homebrew/Cellar/jmeter/5.6.3/libexec/bin/system.properties
2024-08-02 16:06:14,396 INFO o.a.j.JMeter: Setting JMeter property: duration=610
2024-08-02 16:06:14,396 INFO o.a.j.JMeter: Setting JMeter property: rampup=600
2024-08-02 16:06:14,396 INFO o.a.j.JMeter: Setting JMeter property: threads=102
2024-08-02 16:06:14,396 INFO o.a.j.JMeter: Setting JMeter property: threadsNew=0
2024-08-02 16:06:14,400 INFO o.a.j.JMeter: Copyright (c) 1998-2024 The Apache Software Foundation
2024-08-02 16:06:14,400 INFO o.a.j.JMeter: Version 5.6.3
2024-08-02 16:06:14,400 INFO o.a.j.JMeter: java.version=21.0.2
2024-08-02 16:06:14,400 INFO o.a.j.JMeter: java.vm.name=OpenJDK 64-Bit Server VM
2024-08-02 16:06:14,400 INFO o.a.j.JMeter: os.name=Mac OS X
2024-08-02 16:06:14,400 INFO o.a.j.JMeter: os.arch=aarch64
2024-08-02 16:06:14,400 INFO o.a.j.JMeter: os.version=14.3.1
2024-08-02 16:06:14,400 INFO o.a.j.JMeter: file.encoding=UTF-8
2024-08-02 16:06:14,400 INFO o.a.j.JMeter: java.awt.headless=true
2024-08-02 16:06:14,400 INFO o.a.j.JMeter: Max memory     =1073741824
2024-08-02 16:06:14,400 INFO o.a.j.JMeter: Available Processors =8
2024-08-02 16:06:14,406 INFO o.a.j.JMeter: Default Locale=English (EN)
2024-08-02 16:06:14,406 INFO o.a.j.JMeter: JMeter  Locale=English (EN)
2024-08-02 16:06:14,406 INFO o.a.j.JMeter: JMeterHome=/opt/homebrew/Cellar/jmeter/5.6.3/libexec
2024-08-02 16:06:14,407 INFO o.a.j.JMeter: user.dir  =/Users/ishidamasahide/product/work/saco/da-acstar-cms/apps/api/jmeter
2024-08-02 16:06:14,407 INFO o.a.j.JMeter: PWD       =/Users/ishidamasahide/product/work/saco/da-acstar-cms/apps/api/jmeter
2024-08-02 16:06:14,408 INFO o.a.j.JMeter: IP: 127.0.0.1 Name: ishidamasahidenoMac-mini.local FullName: localhost
2024-08-02 16:06:14,416 INFO o.a.j.JMeter: Setting property 'jmeter.reportgenerator.outputdir' to:'/Users/ishidamasahide/product/work/saco/da-acstar-cms/apps/api/jmeter/report/normal'
2024-08-02 16:06:14,418 INFO o.a.j.s.FileServer: Default base='/Users/ishidamasahide/product/work/saco/da-acstar-cms/apps/api/jmeter'
2024-08-02 16:06:14,419 INFO o.a.j.s.FileServer: Set new base='/Users/ishidamasahide/product/work/saco/da-acstar-cms/apps/api/jmeter'
2024-08-02 16:06:14,533 INFO o.a.j.s.SaveService: Testplan (JMX) version: 2.2. Testlog (JTL) version: 2.2
2024-08-02 16:06:14,601 INFO o.a.j.s.SaveService: Using SaveService properties version 5.0
2024-08-02 16:06:14,603 INFO o.a.j.s.SaveService: Using SaveService properties file encoding UTF-8
2024-08-02 16:06:14,604 INFO o.a.j.s.SaveService: Loading file: TestPlan.jmx
2024-08-02 16:06:14,647 INFO o.a.j.p.h.s.HTTPSamplerBase: Parser for text/html is org.apache.jmeter.protocol.http.parser.LagartoBasedHtmlParser
2024-08-02 16:06:14,647 INFO o.a.j.p.h.s.HTTPSamplerBase: Parser for application/xhtml+xml is org.apache.jmeter.protocol.http.parser.LagartoBasedHtmlParser
2024-08-02 16:06:14,647 INFO o.a.j.p.h.s.HTTPSamplerBase: Parser for application/xml is org.apache.jmeter.protocol.http.parser.LagartoBasedHtmlParser
2024-08-02 16:06:14,647 INFO o.a.j.p.h.s.HTTPSamplerBase: Parser for text/xml is org.apache.jmeter.protocol.http.parser.LagartoBasedHtmlParser
2024-08-02 16:06:14,647 INFO o.a.j.p.h.s.HTTPSamplerBase: Parser for text/vnd.wap.wml is org.apache.jmeter.protocol.http.parser.RegexpHTMLParser
2024-08-02 16:06:14,647 INFO o.a.j.p.h.s.HTTPSamplerBase: Parser for text/css is org.apache.jmeter.protocol.http.parser.CssParser
2024-08-02 16:06:14,681 INFO o.a.j.JMeter: Creating summariser <summary>
2024-08-02 16:06:15,582 INFO o.a.j.r.d.ReportGenerator: ReportGenerator will use for Parsing the separator: ','
2024-08-02 16:06:15,583 INFO o.a.j.r.d.ReportGenerator: Will generate report at end of test from  results file: log/normal.jtl
2024-08-02 16:06:15,583 INFO o.a.j.r.d.ReportGenerator: Reading report generator properties from: /opt/homebrew/Cellar/jmeter/5.6.3/libexec/bin/reportgenerator.properties
2024-08-02 16:06:15,584 INFO o.a.j.r.d.ReportGenerator: Merging with JMeter properties
2024-08-02 16:06:15,591 INFO o.a.j.r.c.ReportGeneratorConfiguration: Property 'jmeter.reportgenerator.temp_dir' not found, using default value 'temp' instead.
2024-08-02 16:06:15,595 INFO o.a.j.r.c.ReportGeneratorConfiguration: Property 'jmeter.reportgenerator.apdex_per_transaction' not found, using default value 'null' instead.
2024-08-02 16:06:15,595 INFO o.a.j.r.c.ReportGeneratorConfiguration: apdex_per_transaction is empty, not APDEX per transaction customization
2024-08-02 16:06:15,595 INFO o.a.j.r.c.ReportGeneratorConfiguration: Property 'jmeter.reportgenerator.sample_filter' not found, using default value 'null' instead.
2024-08-02 16:06:15,595 INFO o.a.j.r.c.ReportGeneratorConfiguration: Property 'jmeter.reportgenerator.report_title' not found, using default value 'null' instead.
2024-08-02 16:06:15,595 INFO o.a.j.r.c.ReportGeneratorConfiguration: Property 'jmeter.reportgenerator.start_date' not found, using default value 'null' instead.
2024-08-02 16:06:15,595 INFO o.a.j.r.c.ReportGeneratorConfiguration: Property 'jmeter.reportgenerator.end_date' not found, using default value 'null' instead.
2024-08-02 16:06:15,595 INFO o.a.j.r.c.ReportGeneratorConfiguration: Property 'jmeter.reportgenerator.date_format' not found, using default value 'null' instead.
2024-08-02 16:06:15,595 INFO o.a.j.r.c.ReportGeneratorConfiguration: Will use date range start date: null, end date: null
2024-08-02 16:06:15,598 INFO o.a.j.r.c.ReportGeneratorConfiguration: Property 'jmeter.reportgenerator.graph.totalTPS.exclude_controllers' not found, using default value 'false' instead.
2024-08-02 16:06:15,599 INFO o.a.j.r.c.ReportGeneratorConfiguration: Property 'jmeter.reportgenerator.graph.activeThreadsOverTime.exclude_controllers' not found, using default value 'false' instead.
2024-08-02 16:06:15,599 INFO o.a.j.r.c.ReportGeneratorConfiguration: Property 'jmeter.reportgenerator.graph.timeVsThreads.exclude_controllers' not found, using default value 'false' instead.
2024-08-02 16:06:15,599 INFO o.a.j.r.c.ReportGeneratorConfiguration: Property 'jmeter.reportgenerator.graph.responseTimeDistribution.exclude_controllers' not found, using default value 'false' instead.
2024-08-02 16:06:15,599 INFO o.a.j.r.c.ReportGeneratorConfiguration: Property 'jmeter.reportgenerator.graph.transactionsPerSecond.exclude_controllers' not found, using default value 'false' instead.
2024-08-02 16:06:15,599 INFO o.a.j.r.c.ReportGeneratorConfiguration: Property 'jmeter.reportgenerator.graph.responseTimePercentiles.exclude_controllers' not found, using default value 'false' instead.
2024-08-02 16:06:15,599 INFO o.a.j.r.c.ReportGeneratorConfiguration: Property 'jmeter.reportgenerator.graph.responseTimePercentilesOverTime.exclude_controllers' not found, using default value 'false' instead.
2024-08-02 16:06:15,599 INFO o.a.j.r.c.ReportGeneratorConfiguration: Property 'jmeter.reportgenerator.graph.responseTimesOverTime.exclude_controllers' not found, using default value 'false' instead.
2024-08-02 16:06:15,600 INFO o.a.j.r.c.ReportGeneratorConfiguration: Property 'jmeter.reportgenerator.graph.connectTimeOverTime.exclude_controllers' not found, using default value 'false' instead.
2024-08-02 16:06:15,600 INFO o.a.j.r.c.ReportGeneratorConfiguration: Property 'jmeter.reportgenerator.graph.latenciesOverTime.exclude_controllers' not found, using default value 'false' instead.
2024-08-02 16:06:15,600 INFO o.a.j.r.c.ReportGeneratorConfiguration: Property 'jmeter.reportgenerator.exporter.json.filters_only_sample_series' not found, using default value 'true' instead.
2024-08-02 16:06:15,600 INFO o.a.j.r.c.ReportGeneratorConfiguration: Property 'jmeter.reportgenerator.exporter.json.series_filter' not found, using default value '' instead.
2024-08-02 16:06:15,600 INFO o.a.j.r.c.ReportGeneratorConfiguration: Property 'jmeter.reportgenerator.exporter.json.show_controllers_only' not found, using default value 'false' instead.
2024-08-02 16:06:15,601 INFO o.a.j.r.c.ReportGeneratorConfiguration: Property 'jmeter.reportgenerator.exporter.html.filters_only_sample_series' not found, using default value 'true' instead.
2024-08-02 16:06:15,601 INFO o.a.j.r.c.ReportGeneratorConfiguration: Property 'jmeter.reportgenerator.exporter.html.series_filter' not found, using default value '' instead.
2024-08-02 16:06:15,601 INFO o.a.j.r.c.ReportGeneratorConfiguration: Property 'jmeter.reportgenerator.exporter.html.show_controllers_only' not found, using default value 'false' instead.
2024-08-02 16:06:15,618 INFO o.a.j.e.StandardJMeterEngine: Running the test!
2024-08-02 16:06:15,619 INFO o.a.j.s.SampleEvent: List of sample_variables: []
2024-08-02 16:06:15,619 INFO o.a.j.s.SampleEvent: List of sample_variables: []
2024-08-02 16:06:15,624 INFO o.a.j.e.u.CompoundVariable: Note: Function class names must contain the string: '.functions.'
2024-08-02 16:06:15,624 INFO o.a.j.e.u.CompoundVariable: Note: Function class names must not contain the string: '.gui.'
2024-08-02 16:06:15,721 INFO o.a.j.r.ClassFinder: Will scan jar /opt/homebrew/Cellar/jmeter/5.6.3/libexec/lib/ext/jmeter-plugins-manager-1.9.jar with filter ExtendsClassFilter [parents=[interface org.apache.jmeter.functions.Function], inner=false, contains=null, notContains=null]. Consider exposing JMeter plugins via META-INF/services, and add JMeter-Skip-Class-Scanning=true manifest attribute so JMeter can skip classfile scanning
2024-08-02 16:06:15,779 INFO o.a.j.JMeter: Running test (1722582375779)
2024-08-02 16:06:15,790 INFO o.a.j.e.StandardJMeterEngine: Starting ThreadGroup: 1 : アプリリリース直後
2024-08-02 16:06:15,791 INFO o.a.j.e.StandardJMeterEngine: Starting 0 threads for group アプリリリース直後.
2024-08-02 16:06:15,791 INFO o.a.j.e.StandardJMeterEngine: Thread will stop on error
2024-08-02 16:06:15,791 INFO o.a.j.t.ThreadGroup: Starting thread group... number=1 threads=0 ramp-up=60 delayedStart=true
2024-08-02 16:06:15,792 INFO o.a.j.t.ThreadGroup: Started thread group number 1
2024-08-02 16:06:15,792 INFO o.a.j.e.StandardJMeterEngine: Starting ThreadGroup: 2 : 通常運用時
2024-08-02 16:06:15,792 INFO o.a.j.e.StandardJMeterEngine: Starting 102 threads for group 通常運用時.
2024-08-02 16:06:15,792 INFO o.a.j.e.StandardJMeterEngine: Thread will stop on error
2024-08-02 16:06:15,792 INFO o.a.j.t.ThreadGroup: Starting thread group... number=2 threads=102 ramp-up=600 delayedStart=true
2024-08-02 16:06:15,792 INFO o.a.j.t.ThreadGroup: Started thread group number 2
2024-08-02 16:06:15,792 INFO o.a.j.e.StandardJMeterEngine: All thread groups have been started
2024-08-02 16:06:15,796 INFO o.a.j.t.JMeterThread: Thread started: 通常運用時 2-1
2024-08-02 16:06:15,807 INFO o.a.j.p.h.s.HTTPHCAbstractImpl: Local host = ishidamasahidenoMac-mini.local
2024-08-02 16:06:15,810 INFO o.a.j.p.h.s.HTTPHC4Impl: HTTP request retry count = 0
2024-08-02 16:06:15,811 INFO o.a.j.s.SampleResult: Note: Sample TimeStamps are START times
2024-08-02 16:06:15,811 INFO o.a.j.s.SampleResult: sampleresult.default.encoding is set to UTF-8
2024-08-02 16:06:15,811 INFO o.a.j.s.SampleResult: sampleresult.useNanoTime=true
2024-08-02 16:06:15,811 INFO o.a.j.s.SampleResult: sampleresult.nanoThreadSleep=5000
2024-08-02 16:06:15,900 INFO o.a.j.p.h.s.h.LazyLayeredConnectionSocketFactory: Setting up HTTPS TrustAll Socket Factory
2024-08-02 16:06:15,904 INFO o.a.j.u.JsseSSLManager: Using default SSL protocol: TLS
2024-08-02 16:06:15,904 INFO o.a.j.u.JsseSSLManager: SSL session context: per-thread
2024-08-02 16:06:16,070 INFO o.a.j.u.SSLManager: JmeterKeyStore Location:  type JKS
2024-08-02 16:06:16,072 INFO o.a.j.u.SSLManager: KeyStore created OK
2024-08-02 16:06:16,072 WARN o.a.j.u.SSLManager: Keystore file not found, loading empty keystore
2024-08-02 16:06:21,203 INFO o.a.j.t.JMeterThread: Thread is done: 通常運用時 2-1
2024-08-02 16:06:21,203 INFO o.a.j.t.JMeterThread: Thread finished: 通常運用時 2-1
2024-08-02 16:06:21,744 INFO o.a.j.t.JMeterThread: Thread started: 通常運用時 2-2
2024-08-02 16:06:26,019 INFO o.a.j.t.JMeterThread: Thread is done: 通常運用時 2-2
2024-08-02 16:06:26,019 INFO o.a.j.t.JMeterThread: Thread finished: 通常運用時 2-2
2024-08-02 16:06:27,686 INFO o.a.j.t.JMeterThread: Thread started: 通常運用時 2-3
2024-08-02 16:06:32,282 INFO o.a.j.r.Summariser: summary +     10 in 00:00:17 =    0.6/s Avg:  1418 Min:    76 Max:  3442 Err:     0 (0.00%) Active: 1 Started: 3 Finished: 2
2024-08-02 16:06:32,467 INFO o.a.j.t.JMeterThread: Thread is done: 通常運用時 2-3
2024-08-02 16:06:32,467 INFO o.a.j.t.JMeterThread: Thread finished: 通常運用時 2-3
2024-08-02 16:06:33,632 INFO o.a.j.t.JMeterThread: Thread started: 通常運用時 2-4
2024-08-02 16:06:37,796 INFO o.a.j.t.JMeterThread: Thread is done: 通常運用時 2-4
2024-08-02 16:06:37,796 INFO o.a.j.t.JMeterThread: Thread finished: 通常運用時 2-4
2024-08-02 16:06:39,577 INFO o.a.j.t.JMeterThread: Thread started: 通常運用時 2-5
2024-08-02 16:06:43,654 INFO o.a.j.t.JMeterThread: Thread is done: 通常運用時 2-5
2024-08-02 16:06:43,655 INFO o.a.j.t.JMeterThread: Thread finished: 通常運用時 2-5
2024-08-02 16:06:45,524 INFO o.a.j.t.JMeterThread: Thread started: 通常運用時 2-6
2024-08-02 16:06:49,645 INFO o.a.j.t.JMeterThread: Thread is done: 通常運用時 2-6
2024-08-02 16:06:49,646 INFO o.a.j.t.JMeterThread: Thread finished: 通常運用時 2-6
2024-08-02 16:06:51,468 INFO o.a.j.t.JMeterThread: Thread started: 通常運用時 2-7
2024-08-02 16:06:52,107 INFO o.a.j.t.JMeterThread: Thread is done: 通常運用時 2-7
2024-08-02 16:06:52,107 INFO o.a.j.t.JMeterThread: Thread finished: 通常運用時 2-7
2024-08-02 16:06:57,408 INFO o.a.j.t.JMeterThread: Thread started: 通常運用時 2-8
2024-08-02 16:06:58,270 INFO o.a.j.t.JMeterThread: Thread is done: 通常運用時 2-8
2024-08-02 16:06:58,270 INFO o.a.j.t.JMeterThread: Thread finished: 通常運用時 2-8
2024-08-02 16:07:03,353 INFO o.a.j.t.JMeterThread: Thread started: 通常運用時 2-9
2024-08-02 16:07:03,462 INFO o.a.j.r.Summariser: summary +     23 in 00:00:31 =    0.7/s Avg:   613 Min:    71 Max:  2918 Err:     0 (0.00%) Active: 1 Started: 9 Finished: 8
2024-08-02 16:07:03,462 INFO o.a.j.r.Summariser: summary =     33 in 00:00:48 =    0.7/s Avg:   857 Min:    71 Max:  3442 Err:     0 (0.00%)
2024-08-02 16:07:03,981 INFO o.a.j.t.JMeterThread: Thread is done: 通常運用時 2-9
2024-08-02 16:07:03,982 INFO o.a.j.t.JMeterThread: Thread finished: 通常運用時 2-9
2024-08-02 16:07:09,299 INFO o.a.j.t.JMeterThread: Thread started: 通常運用時 2-10
2024-08-02 16:07:10,106 INFO o.a.j.t.JMeterThread: Thread is done: 通常運用時 2-10
2024-08-02 16:07:10,107 INFO o.a.j.t.JMeterThread: Thread finished: 通常運用時 2-10
2024-08-02 16:07:15,244 INFO o.a.j.t.JMeterThread: Thread started: 通常運用時 2-11
2024-08-02 16:07:16,098 INFO o.a.j.t.JMeterThread: Thread is done: 通常運用時 2-11
2024-08-02 16:07:16,098 INFO o.a.j.t.JMeterThread: Thread finished: 通常運用時 2-11
2024-08-02 16:07:21,189 INFO o.a.j.t.JMeterThread: Thread started: 通常運用時 2-12
2024-08-02 16:07:21,784 INFO o.a.j.t.JMeterThread: Thread is done: 通常運用時 2-12
2024-08-02 16:07:21,784 INFO o.a.j.t.JMeterThread: Thread finished: 通常運用時 2-12
2024-08-02 16:07:27,136 INFO o.a.j.t.JMeterThread: Thread started: 通常運用時 2-13
2024-08-02 16:07:27,753 INFO o.a.j.t.JMeterThread: Thread is done: 通常運用時 2-13
2024-08-02 16:07:27,754 INFO o.a.j.t.JMeterThread: Thread finished: 通常運用時 2-13
2024-08-02 16:07:33,080 INFO o.a.j.t.JMeterThread: Thread started: 通常運用時 2-14
2024-08-02 16:07:33,185 INFO o.a.j.r.Summariser: summary +     20 in 00:00:30 =    0.7/s Avg:   172 Min:    62 Max:   359 Err:     0 (0.00%) Active: 1 Started: 14 Finished: 13
2024-08-02 16:07:33,186 INFO o.a.j.r.Summariser: summary =     53 in 00:01:17 =    0.7/s Avg:   598 Min:    62 Max:  3442 Err:     0 (0.00%)
2024-08-02 16:07:33,641 INFO o.a.j.t.JMeterThread: Thread is done: 通常運用時 2-14
2024-08-02 16:07:33,642 INFO o.a.j.t.JMeterThread: Thread finished: 通常運用時 2-14
2024-08-02 16:07:39,027 INFO o.a.j.t.JMeterThread: Thread started: 通常運用時 2-15
2024-08-02 16:07:39,915 INFO o.a.j.t.JMeterThread: Thread is done: 通常運用時 2-15
2024-08-02 16:07:39,916 INFO o.a.j.t.JMeterThread: Thread finished: 通常運用時 2-15
2024-08-02 16:07:44,974 INFO o.a.j.t.JMeterThread: Thread started: 通常運用時 2-16
2024-08-02 16:07:45,851 INFO o.a.j.t.JMeterThread: Thread is done: 通常運用時 2-16
2024-08-02 16:07:45,851 INFO o.a.j.t.JMeterThread: Thread finished: 通常運用時 2-16
2024-08-02 16:07:50,919 INFO o.a.j.t.JMeterThread: Thread started: 通常運用時 2-17
2024-08-02 16:07:51,546 INFO o.a.j.t.JMeterThread: Thread is done: 通常運用時 2-17
2024-08-02 16:07:51,547 INFO o.a.j.t.JMeterThread: Thread finished: 通常運用時 2-17
2024-08-02 16:07:56,864 INFO o.a.j.t.JMeterThread: Thread started: 通常運用時 2-18
2024-08-02 16:07:57,532 INFO o.a.j.t.JMeterThread: Thread is done: 通常運用時 2-18
2024-08-02 16:07:57,533 INFO o.a.j.t.JMeterThread: Thread finished: 通常運用時 2-18
2024-08-02 16:08:02,812 INFO o.a.j.t.JMeterThread: Thread started: 通常運用時 2-19
2024-08-02 16:08:03,840 INFO o.a.j.r.Summariser: summary +     20 in 00:00:31 =    0.7/s Avg:   224 Min:    67 Max:  1025 Err:     0 (0.00%) Active: 1 Started: 19 Finished: 18
2024-08-02 16:08:03,841 INFO o.a.j.r.Summariser: summary =     73 in 00:01:48 =    0.7/s Avg:   496 Min:    62 Max:  3442 Err:     0 (0.00%)
2024-08-02 16:08:06,902 INFO o.a.j.t.JMeterThread: Thread is done: 通常運用時 2-19
2024-08-02 16:08:06,902 INFO o.a.j.t.JMeterThread: Thread finished: 通常運用時 2-19
2024-08-02 16:08:08,755 INFO o.a.j.t.JMeterThread: Thread started: 通常運用時 2-20
2024-08-02 16:08:12,999 INFO o.a.j.t.JMeterThread: Thread is done: 通常運用時 2-20
2024-08-02 16:08:12,999 INFO o.a.j.t.JMeterThread: Thread finished: 通常運用時 2-20
2024-08-02 16:08:14,700 INFO o.a.j.t.JMeterThread: Thread started: 通常運用時 2-21
2024-08-02 16:08:18,959 INFO o.a.j.t.JMeterThread: Thread is done: 通常運用時 2-21
2024-08-02 16:08:18,960 INFO o.a.j.t.JMeterThread: Thread finished: 通常運用時 2-21
2024-08-02 16:08:20,643 INFO o.a.j.t.JMeterThread: Thread started: 通常運用時 2-22
2024-08-02 16:08:24,559 INFO o.a.j.t.JMeterThread: Thread is done: 通常運用時 2-22
2024-08-02 16:08:24,559 INFO o.a.j.t.JMeterThread: Thread finished: 通常運用時 2-22
2024-08-02 16:08:26,586 INFO o.a.j.t.JMeterThread: Thread started: 通常運用時 2-23
2024-08-02 16:08:30,485 INFO o.a.j.r.Summariser: summary +     17 in 00:00:27 =    0.6/s Avg:  1137 Min:    74 Max:  2971 Err:     0 (0.00%) Active: 1 Started: 23 Finished: 22
2024-08-02 16:08:30,485 INFO o.a.j.r.Summariser: summary =     90 in 00:02:15 =    0.7/s Avg:   617 Min:    62 Max:  3442 Err:     0 (0.00%)
2024-08-02 16:08:30,647 INFO o.a.j.t.JMeterThread: Thread is done: 通常運用時 2-23
2024-08-02 16:08:30,647 INFO o.a.j.t.JMeterThread: Thread finished: 通常運用時 2-23
2024-08-02 16:08:32,531 INFO o.a.j.t.JMeterThread: Thread started: 通常運用時 2-24
2024-08-02 16:08:36,707 INFO o.a.j.t.JMeterThread: Thread is done: 通常運用時 2-24
2024-08-02 16:08:36,708 INFO o.a.j.t.JMeterThread: Thread finished: 通常運用時 2-24
2024-08-02 16:08:38,476 INFO o.a.j.t.JMeterThread: Thread started: 通常運用時 2-25
2024-08-02 16:08:39,028 INFO o.a.j.t.JMeterThread: Thread is done: 通常運用時 2-25
2024-08-02 16:08:39,028 INFO o.a.j.t.JMeterThread: Thread finished: 通常運用時 2-25
2024-08-02 16:08:44,418 INFO o.a.j.t.JMeterThread: Thread started: 通常運用時 2-26
2024-08-02 16:08:45,560 INFO o.a.j.t.JMeterThread: Thread is done: 通常運用時 2-26
2024-08-02 16:08:45,561 INFO o.a.j.t.JMeterThread: Thread finished: 通常運用時 2-26
2024-08-02 16:08:50,363 INFO o.a.j.t.JMeterThread: Thread started: 通常運用時 2-27
2024-08-02 16:08:50,992 INFO o.a.j.t.JMeterThread: Thread is done: 通常運用時 2-27
2024-08-02 16:08:50,992 INFO o.a.j.t.JMeterThread: Thread finished: 通常運用時 2-27
2024-08-02 16:08:56,305 INFO o.a.j.t.JMeterThread: Thread started: 通常運用時 2-28
2024-08-02 16:08:57,158 INFO o.a.j.t.JMeterThread: Thread is done: 通常運用時 2-28
2024-08-02 16:08:57,159 INFO o.a.j.t.JMeterThread: Thread finished: 通常運用時 2-28
2024-08-02 16:09:02,249 INFO o.a.j.t.JMeterThread: Thread started: 通常運用時 2-29
2024-08-02 16:09:02,364 INFO o.a.j.r.Summariser: summary +     23 in 00:00:32 =    0.7/s Avg:   329 Min:    65 Max:  2986 Err:     0 (0.00%) Active: 1 Started: 29 Finished: 28
2024-08-02 16:09:02,365 INFO o.a.j.r.Summariser: summary =    113 in 00:02:47 =    0.7/s Avg:   558 Min:    62 Max:  3442 Err:     0 (0.00%)
2024-08-02 16:09:02,862 INFO o.a.j.t.JMeterThread: Thread is done: 通常運用時 2-29
2024-08-02 16:09:02,862 INFO o.a.j.t.JMeterThread: Thread finished: 通常運用時 2-29
2024-08-02 16:09:08,194 INFO o.a.j.t.JMeterThread: Thread started: 通常運用時 2-30
2024-08-02 16:09:08,807 INFO o.a.j.t.JMeterThread: Thread is done: 通常運用時 2-30
2024-08-02 16:09:08,807 INFO o.a.j.t.JMeterThread: Thread finished: 通常運用時 2-30
2024-08-02 16:09:14,140 INFO o.a.j.t.JMeterThread: Thread started: 通常運用時 2-31
2024-08-02 16:09:14,964 INFO o.a.j.t.JMeterThread: Thread is done: 通常運用時 2-31
2024-08-02 16:09:14,965 INFO o.a.j.t.JMeterThread: Thread finished: 通常運用時 2-31
2024-08-02 16:09:20,084 INFO o.a.j.t.JMeterThread: Thread started: 通常運用時 2-32
2024-08-02 16:09:20,671 INFO o.a.j.t.JMeterThread: Thread is done: 通常運用時 2-32
2024-08-02 16:09:20,671 INFO o.a.j.t.JMeterThread: Thread finished: 通常運用時 2-32
2024-08-02 16:09:26,026 INFO o.a.j.t.JMeterThread: Thread started: 通常運用時 2-33
2024-08-02 16:09:26,640 INFO o.a.j.t.JMeterThread: Thread is done: 通常運用時 2-33
2024-08-02 16:09:26,640 INFO o.a.j.t.JMeterThread: Thread finished: 通常運用時 2-33
2024-08-02 16:09:31,972 INFO o.a.j.t.JMeterThread: Thread started: 通常運用時 2-34
2024-08-02 16:09:32,076 INFO o.a.j.r.Summariser: summary +     20 in 00:00:30 =    0.7/s Avg:   159 Min:    61 Max:   363 Err:     0 (0.00%) Active: 1 Started: 34 Finished: 33
2024-08-02 16:09:32,076 INFO o.a.j.r.Summariser: summary =    133 in 00:03:16 =    0.7/s Avg:   498 Min:    61 Max:  3442 Err:     0 (0.00%)
2024-08-02 16:09:32,557 INFO o.a.j.t.JMeterThread: Thread is done: 通常運用時 2-34
2024-08-02 16:09:32,558 INFO o.a.j.t.JMeterThread: Thread finished: 通常運用時 2-34
2024-08-02 16:09:37,915 INFO o.a.j.t.JMeterThread: Thread started: 通常運用時 2-35
2024-08-02 16:09:38,472 INFO o.a.j.t.JMeterThread: Thread is done: 通常運用時 2-35
2024-08-02 16:09:38,472 INFO o.a.j.t.JMeterThread: Thread finished: 通常運用時 2-35
2024-08-02 16:09:43,855 INFO o.a.j.t.JMeterThread: Thread started: 通常運用時 2-36
2024-08-02 16:09:44,784 INFO o.a.j.t.JMeterThread: Thread is done: 通常運用時 2-36
2024-08-02 16:09:44,784 INFO o.a.j.t.JMeterThread: Thread finished: 通常運用時 2-36
2024-08-02 16:09:49,796 INFO o.a.j.t.JMeterThread: Thread started: 通常運用時 2-37
2024-08-02 16:09:50,807 INFO o.a.j.t.JMeterThread: Thread is done: 通常運用時 2-37
2024-08-02 16:09:50,807 INFO o.a.j.t.JMeterThread: Thread finished: 通常運用時 2-37
2024-08-02 16:09:55,739 INFO o.a.j.t.JMeterThread: Thread started: 通常運用時 2-38
2024-08-02 16:09:56,301 INFO o.a.j.t.JMeterThread: Thread is done: 通常運用時 2-38
2024-08-02 16:09:56,301 INFO o.a.j.t.JMeterThread: Thread finished: 通常運用時 2-38
2024-08-02 16:10:01,679 INFO o.a.j.t.JMeterThread: Thread started: 通常運用時 2-39
2024-08-02 16:10:01,782 INFO o.a.j.r.Summariser: summary +     20 in 00:00:30 =    0.7/s Avg:   179 Min:    70 Max:   425 Err:     0 (0.00%) Active: 1 Started: 39 Finished: 38
2024-08-02 16:10:01,782 INFO o.a.j.r.Summariser: summary =    153 in 00:03:46 =    0.7/s Avg:   457 Min:    61 Max:  3442 Err:     0 (0.00%)
2024-08-02 16:10:02,403 INFO o.a.j.t.JMeterThread: Thread is done: 通常運用時 2-39
2024-08-02 16:10:02,404 INFO o.a.j.t.JMeterThread: Thread finished: 通常運用時 2-39
2024-08-02 16:10:07,619 INFO o.a.j.t.JMeterThread: Thread started: 通常運用時 2-40
2024-08-02 16:10:08,261 INFO o.a.j.t.JMeterThread: Thread is done: 通常運用時 2-40
2024-08-02 16:10:08,261 INFO o.a.j.t.JMeterThread: Thread finished: 通常運用時 2-40
2024-08-02 16:10:13,563 INFO o.a.j.t.JMeterThread: Thread started: 通常運用時 2-41
2024-08-02 16:10:14,110 INFO o.a.j.t.JMeterThread: Thread is done: 通常運用時 2-41
2024-08-02 16:10:14,110 INFO o.a.j.t.JMeterThread: Thread finished: 通常運用時 2-41
2024-08-02 16:10:19,507 INFO o.a.j.t.JMeterThread: Thread started: 通常運用時 2-42
2024-08-02 16:10:20,116 INFO o.a.j.t.JMeterThread: Thread is done: 通常運用時 2-42
2024-08-02 16:10:20,117 INFO o.a.j.t.JMeterThread: Thread finished: 通常運用時 2-42
2024-08-02 16:10:25,450 INFO o.a.j.t.JMeterThread: Thread started: 通常運用時 2-43
2024-08-02 16:10:30,930 INFO o.a.j.r.Summariser: summary +     17 in 00:00:29 =    0.6/s Avg:   462 Min:    71 Max:  4243 Err:     0 (0.00%) Active: 1 Started: 43 Finished: 42
2024-08-02 16:10:30,931 INFO o.a.j.r.Summariser: summary =    170 in 00:04:15 =    0.7/s Avg:   457 Min:    61 Max:  4243 Err:     0 (0.00%)
2024-08-02 16:10:31,101 INFO o.a.j.t.JMeterThread: Thread is done: 通常運用時 2-43
2024-08-02 16:10:31,102 INFO o.a.j.t.JMeterThread: Thread finished: 通常運用時 2-43
2024-08-02 16:10:31,395 INFO o.a.j.t.JMeterThread: Thread started: 通常運用時 2-44
2024-08-02 16:10:35,507 INFO o.a.j.t.JMeterThread: Thread is done: 通常運用時 2-44
2024-08-02 16:10:35,508 INFO o.a.j.t.JMeterThread: Thread finished: 通常運用時 2-44
2024-08-02 16:10:37,341 INFO o.a.j.t.JMeterThread: Thread started: 通常運用時 2-45
2024-08-02 16:10:41,503 INFO o.a.j.t.JMeterThread: Thread is done: 通常運用時 2-45
2024-08-02 16:10:41,503 INFO o.a.j.t.JMeterThread: Thread finished: 通常運用時 2-45
2024-08-02 16:10:43,283 INFO o.a.j.t.JMeterThread: Thread started: 通常運用時 2-46
2024-08-02 16:10:47,351 INFO o.a.j.t.JMeterThread: Thread is done: 通常運用時 2-46
2024-08-02 16:10:47,351 INFO o.a.j.t.JMeterThread: Thread finished: 通常運用時 2-46
2024-08-02 16:10:49,224 INFO o.a.j.t.JMeterThread: Thread started: 通常運用時 2-47
2024-08-02 16:10:53,316 INFO o.a.j.t.JMeterThread: Thread is done: 通常運用時 2-47
2024-08-02 16:10:53,316 INFO o.a.j.t.JMeterThread: Thread finished: 通常運用時 2-47
2024-08-02 16:10:55,164 INFO o.a.j.t.JMeterThread: Thread started: 通常運用時 2-48
2024-08-02 16:10:59,287 INFO o.a.j.t.JMeterThread: Thread is done: 通常運用時 2-48
2024-08-02 16:10:59,290 INFO o.a.j.t.JMeterThread: Thread finished: 通常運用時 2-48
2024-08-02 16:11:01,105 INFO o.a.j.t.JMeterThread: Thread started: 通常運用時 2-49
2024-08-02 16:11:01,256 INFO o.a.j.r.Summariser: summary +     23 in 00:00:30 =    0.8/s Avg:   905 Min:    63 Max:  2945 Err:     0 (0.00%) Active: 1 Started: 49 Finished: 48
2024-08-02 16:11:01,257 INFO o.a.j.r.Summariser: summary =    193 in 00:04:45 =    0.7/s Avg:   511 Min:    61 Max:  4243 Err:     0 (0.00%)
2024-08-02 16:11:01,835 INFO o.a.j.t.JMeterThread: Thread is done: 通常運用時 2-49
2024-08-02 16:11:01,835 INFO o.a.j.t.JMeterThread: Thread finished: 通常運用時 2-49
2024-08-02 16:11:07,049 INFO o.a.j.t.JMeterThread: Thread started: 通常運用時 2-50
2024-08-02 16:11:07,624 INFO o.a.j.t.JMeterThread: Thread is done: 通常運用時 2-50
2024-08-02 16:11:07,624 INFO o.a.j.t.JMeterThread: Thread finished: 通常運用時 2-50
2024-08-02 16:11:12,990 INFO o.a.j.t.JMeterThread: Thread started: 通常運用時 2-51
2024-08-02 16:11:13,603 INFO o.a.j.t.JMeterThread: Thread is done: 通常運用時 2-51
2024-08-02 16:11:13,604 INFO o.a.j.t.JMeterThread: Thread finished: 通常運用時 2-51
2024-08-02 16:11:18,930 INFO o.a.j.t.JMeterThread: Thread started: 通常運用時 2-52
2024-08-02 16:11:19,763 INFO o.a.j.t.JMeterThread: Thread is done: 通常運用時 2-52
2024-08-02 16:11:19,763 INFO o.a.j.t.JMeterThread: Thread finished: 通常運用時 2-52
2024-08-02 16:11:24,872 INFO o.a.j.t.JMeterThread: Thread started: 通常運用時 2-53
2024-08-02 16:11:25,406 INFO o.a.j.t.JMeterThread: Thread is done: 通常運用時 2-53
2024-08-02 16:11:25,406 INFO o.a.j.t.JMeterThread: Thread finished: 通常運用時 2-53
2024-08-02 16:11:30,812 INFO o.a.j.t.JMeterThread: Thread started: 通常運用時 2-54
2024-08-02 16:11:30,910 INFO o.a.j.r.Summariser: summary +     20 in 00:00:30 =    0.7/s Avg:   159 Min:    57 Max:   367 Err:     0 (0.00%) Active: 1 Started: 54 Finished: 53
2024-08-02 16:11:30,910 INFO o.a.j.r.Summariser: summary =    213 in 00:05:15 =    0.7/s Avg:   478 Min:    57 Max:  4243 Err:     0 (0.00%)
2024-08-02 16:11:31,412 INFO o.a.j.t.JMeterThread: Thread is done: 通常運用時 2-54
2024-08-02 16:11:31,412 INFO o.a.j.t.JMeterThread: Thread finished: 通常運用時 2-54
2024-08-02 16:11:36,758 INFO o.a.j.t.JMeterThread: Thread started: 通常運用時 2-55
2024-08-02 16:11:37,350 INFO o.a.j.t.JMeterThread: Thread is done: 通常運用時 2-55
2024-08-02 16:11:37,350 INFO o.a.j.t.JMeterThread: Thread finished: 通常運用時 2-55
2024-08-02 16:11:42,701 INFO o.a.j.t.JMeterThread: Thread started: 通常運用時 2-56
2024-08-02 16:11:43,358 INFO o.a.j.t.JMeterThread: Thread is done: 通常運用時 2-56
2024-08-02 16:11:43,358 INFO o.a.j.t.JMeterThread: Thread finished: 通常運用時 2-56
2024-08-02 16:11:48,643 INFO o.a.j.t.JMeterThread: Thread started: 通常運用時 2-57
2024-08-02 16:11:49,206 INFO o.a.j.t.JMeterThread: Thread is done: 通常運用時 2-57
2024-08-02 16:11:49,206 INFO o.a.j.t.JMeterThread: Thread finished: 通常運用時 2-57
2024-08-02 16:11:54,585 INFO o.a.j.t.JMeterThread: Thread started: 通常運用時 2-58
2024-08-02 16:11:55,433 INFO o.a.j.t.JMeterThread: Thread is done: 通常運用時 2-58
2024-08-02 16:11:55,433 INFO o.a.j.t.JMeterThread: Thread finished: 通常運用時 2-58
2024-08-02 16:12:00,524 INFO o.a.j.t.JMeterThread: Thread started: 通常運用時 2-59
2024-08-02 16:12:00,617 INFO o.a.j.r.Summariser: summary +     20 in 00:00:30 =    0.7/s Avg:   160 Min:    60 Max:   357 Err:     0 (0.00%) Active: 1 Started: 59 Finished: 58
2024-08-02 16:12:00,617 INFO o.a.j.r.Summariser: summary =    233 in 00:05:45 =    0.7/s Avg:   450 Min:    57 Max:  4243 Err:     0 (0.00%)
2024-08-02 16:12:01,058 INFO o.a.j.t.JMeterThread: Thread is done: 通常運用時 2-59
2024-08-02 16:12:01,058 INFO o.a.j.t.JMeterThread: Thread finished: 通常運用時 2-59
2024-08-02 16:12:06,466 INFO o.a.j.t.JMeterThread: Thread started: 通常運用時 2-60
2024-08-02 16:12:07,077 INFO o.a.j.t.JMeterThread: Thread is done: 通常運用時 2-60
2024-08-02 16:12:07,077 INFO o.a.j.t.JMeterThread: Thread finished: 通常運用時 2-60
2024-08-02 16:12:12,406 INFO o.a.j.t.JMeterThread: Thread started: 通常運用時 2-61
2024-08-02 16:12:16,569 INFO o.a.j.t.JMeterThread: Thread is done: 通常運用時 2-61
2024-08-02 16:12:16,570 INFO o.a.j.t.JMeterThread: Thread finished: 通常運用時 2-61
2024-08-02 16:12:18,349 INFO o.a.j.t.JMeterThread: Thread started: 通常運用時 2-62
2024-08-02 16:12:24,292 INFO o.a.j.t.JMeterThread: Thread started: 通常運用時 2-63
2024-08-02 16:12:24,458 INFO o.a.j.t.JMeterThread: Thread is done: 通常運用時 2-62
2024-08-02 16:12:24,459 INFO o.a.j.t.JMeterThread: Thread finished: 通常運用時 2-62
2024-08-02 16:12:28,521 INFO o.a.j.t.JMeterThread: Thread is done: 通常運用時 2-63
2024-08-02 16:12:28,522 INFO o.a.j.t.JMeterThread: Thread finished: 通常運用時 2-63
2024-08-02 16:12:30,227 INFO o.a.j.t.JMeterThread: Thread started: 通常運用時 2-64
2024-08-02 16:12:31,216 INFO o.a.j.r.Summariser: summary +     20 in 00:00:31 =    0.7/s Avg:   825 Min:    63 Max:  4621 Err:     0 (0.00%) Active: 1 Started: 64 Finished: 63
2024-08-02 16:12:31,216 INFO o.a.j.r.Summariser: summary =    253 in 00:06:15 =    0.7/s Avg:   480 Min:    57 Max:  4621 Err:     0 (0.00%)
2024-08-02 16:12:34,309 INFO o.a.j.t.JMeterThread: Thread is done: 通常運用時 2-64
2024-08-02 16:12:34,309 INFO o.a.j.t.JMeterThread: Thread finished: 通常運用時 2-64
2024-08-02 16:12:36,170 INFO o.a.j.t.JMeterThread: Thread started: 通常運用時 2-65
2024-08-02 16:12:40,294 INFO o.a.j.t.JMeterThread: Thread is done: 通常運用時 2-65
2024-08-02 16:12:40,294 INFO o.a.j.t.JMeterThread: Thread finished: 通常運用時 2-65
2024-08-02 16:12:42,112 INFO o.a.j.t.JMeterThread: Thread started: 通常運用時 2-66
2024-08-02 16:12:46,125 INFO o.a.j.t.JMeterThread: Thread is done: 通常運用時 2-66
2024-08-02 16:12:46,125 INFO o.a.j.t.JMeterThread: Thread finished: 通常運用時 2-66
2024-08-02 16:12:48,053 INFO o.a.j.t.JMeterThread: Thread started: 通常運用時 2-67
2024-08-02 16:12:48,657 INFO o.a.j.t.JMeterThread: Thread is done: 通常運用時 2-67
2024-08-02 16:12:48,657 INFO o.a.j.t.JMeterThread: Thread finished: 通常運用時 2-67
2024-08-02 16:12:53,995 INFO o.a.j.t.JMeterThread: Thread started: 通常運用時 2-68
2024-08-02 16:12:54,565 INFO o.a.j.t.JMeterThread: Thread is done: 通常運用時 2-68
2024-08-02 16:12:54,566 INFO o.a.j.t.JMeterThread: Thread finished: 通常運用時 2-68
2024-08-02 16:12:59,935 INFO o.a.j.t.JMeterThread: Thread started: 通常運用時 2-69
2024-08-02 16:13:00,044 INFO o.a.j.r.Summariser: summary +     20 in 00:00:29 =    0.7/s Avg:   623 Min:    59 Max:  2928 Err:     0 (0.00%) Active: 1 Started: 69 Finished: 68
2024-08-02 16:13:00,045 INFO o.a.j.r.Summariser: summary =    273 in 00:06:44 =    0.7/s Avg:   491 Min:    57 Max:  4621 Err:     0 (0.00%)
2024-08-02 16:13:00,494 INFO o.a.j.t.JMeterThread: Thread is done: 通常運用時 2-69
2024-08-02 16:13:00,495 INFO o.a.j.t.JMeterThread: Thread finished: 通常運用時 2-69
2024-08-02 16:13:05,875 INFO o.a.j.t.JMeterThread: Thread started: 通常運用時 2-70
2024-08-02 16:13:06,436 INFO o.a.j.t.JMeterThread: Thread is done: 通常運用時 2-70
2024-08-02 16:13:06,437 INFO o.a.j.t.JMeterThread: Thread finished: 通常運用時 2-70
2024-08-02 16:13:11,816 INFO o.a.j.t.JMeterThread: Thread started: 通常運用時 2-71
2024-08-02 16:13:12,365 INFO o.a.j.t.JMeterThread: Thread is done: 通常運用時 2-71
2024-08-02 16:13:12,365 INFO o.a.j.t.JMeterThread: Thread finished: 通常運用時 2-71
2024-08-02 16:13:17,753 INFO o.a.j.t.JMeterThread: Thread started: 通常運用時 2-72
2024-08-02 16:13:18,411 INFO o.a.j.t.JMeterThread: Thread is done: 通常運用時 2-72
2024-08-02 16:13:18,411 INFO o.a.j.t.JMeterThread: Thread finished: 通常運用時 2-72
2024-08-02 16:13:23,693 INFO o.a.j.t.JMeterThread: Thread started: 通常運用時 2-73
2024-08-02 16:13:24,558 INFO o.a.j.t.JMeterThread: Thread is done: 通常運用時 2-73
2024-08-02 16:13:24,558 INFO o.a.j.t.JMeterThread: Thread finished: 通常運用時 2-73
2024-08-02 16:13:29,639 INFO o.a.j.t.JMeterThread: Thread started: 通常運用時 2-74
2024-08-02 16:13:30,334 INFO o.a.j.r.Summariser: summary +     21 in 00:00:30 =    0.7/s Avg:   178 Min:    58 Max:   421 Err:     0 (0.00%) Active: 1 Started: 74 Finished: 73
2024-08-02 16:13:30,335 INFO o.a.j.r.Summariser: summary =    294 in 00:07:15 =    0.7/s Avg:   468 Min:    57 Max:  4621 Err:     0 (0.00%)
2024-08-02 16:13:30,511 INFO o.a.j.t.JMeterThread: Thread is done: 通常運用時 2-74
2024-08-02 16:13:30,511 INFO o.a.j.t.JMeterThread: Thread finished: 通常運用時 2-74
2024-08-02 16:13:35,572 INFO o.a.j.t.JMeterThread: Thread started: 通常運用時 2-75
2024-08-02 16:13:36,450 INFO o.a.j.t.JMeterThread: Thread is done: 通常運用時 2-75
2024-08-02 16:13:36,450 INFO o.a.j.t.JMeterThread: Thread finished: 通常運用時 2-75
2024-08-02 16:13:41,513 INFO o.a.j.t.JMeterThread: Thread started: 通常運用時 2-76
2024-08-02 16:13:42,039 INFO o.a.j.t.JMeterThread: Thread is done: 通常運用時 2-76
2024-08-02 16:13:42,040 INFO o.a.j.t.JMeterThread: Thread finished: 通常運用時 2-76
2024-08-02 16:13:47,450 INFO o.a.j.t.JMeterThread: Thread started: 通常運用時 2-77
2024-08-02 16:13:48,011 INFO o.a.j.t.JMeterThread: Thread is done: 通常運用時 2-77
2024-08-02 16:13:48,011 INFO o.a.j.t.JMeterThread: Thread finished: 通常運用時 2-77
2024-08-02 16:13:53,386 INFO o.a.j.t.JMeterThread: Thread started: 通常運用時 2-78
2024-08-02 16:13:54,382 INFO o.a.j.t.JMeterThread: Thread is done: 通常運用時 2-78
2024-08-02 16:13:54,383 INFO o.a.j.t.JMeterThread: Thread finished: 通常運用時 2-78
2024-08-02 16:13:59,326 INFO o.a.j.t.JMeterThread: Thread started: 通常運用時 2-79
2024-08-02 16:14:00,418 INFO o.a.j.r.Summariser: summary +     19 in 00:00:30 =    0.6/s Avg:   219 Min:    60 Max:  1055 Err:     0 (0.00%) Active: 1 Started: 79 Finished: 78
2024-08-02 16:14:00,418 INFO o.a.j.r.Summariser: summary =    313 in 00:07:45 =    0.7/s Avg:   453 Min:    57 Max:  4621 Err:     0 (0.00%)
2024-08-02 16:14:03,578 INFO o.a.j.t.JMeterThread: Thread is done: 通常運用時 2-79
2024-08-02 16:14:03,579 INFO o.a.j.t.JMeterThread: Thread finished: 通常運用時 2-79
2024-08-02 16:14:05,262 INFO o.a.j.t.JMeterThread: Thread started: 通常運用時 2-80
2024-08-02 16:14:09,327 INFO o.a.j.t.JMeterThread: Thread is done: 通常運用時 2-80
2024-08-02 16:14:09,327 INFO o.a.j.t.JMeterThread: Thread finished: 通常運用時 2-80
2024-08-02 16:14:11,200 INFO o.a.j.t.JMeterThread: Thread started: 通常運用時 2-81
2024-08-02 16:14:15,820 INFO o.a.j.t.JMeterThread: Thread is done: 通常運用時 2-81
2024-08-02 16:14:15,820 INFO o.a.j.t.JMeterThread: Thread finished: 通常運用時 2-81
2024-08-02 16:14:17,139 INFO o.a.j.t.JMeterThread: Thread started: 通常運用時 2-82
2024-08-02 16:14:21,181 INFO o.a.j.t.JMeterThread: Thread is done: 通常運用時 2-82
2024-08-02 16:14:21,181 INFO o.a.j.t.JMeterThread: Thread finished: 通常運用時 2-82
2024-08-02 16:14:23,078 INFO o.a.j.t.JMeterThread: Thread started: 通常運用時 2-83
2024-08-02 16:14:29,016 INFO o.a.j.t.JMeterThread: Thread started: 通常運用時 2-84
2024-08-02 16:14:30,381 INFO o.a.j.r.Summariser: summary +     17 in 00:00:30 =    0.6/s Avg:  1361 Min:    60 Max:  5775 Err:     0 (0.00%) Active: 2 Started: 84 Finished: 82
2024-08-02 16:14:30,381 INFO o.a.j.r.Summariser: summary =    330 in 00:08:15 =    0.7/s Avg:   500 Min:    57 Max:  5775 Err:     0 (0.00%)
2024-08-02 16:14:30,553 INFO o.a.j.t.JMeterThread: Thread is done: 通常運用時 2-83
2024-08-02 16:14:30,553 INFO o.a.j.t.JMeterThread: Thread finished: 通常運用時 2-83
2024-08-02 16:14:34,948 INFO o.a.j.t.JMeterThread: Thread started: 通常運用時 2-85
2024-08-02 16:14:35,076 INFO o.a.j.t.JMeterThread: Thread is done: 通常運用時 2-84
2024-08-02 16:14:35,076 INFO o.a.j.t.JMeterThread: Thread finished: 通常運用時 2-84
2024-08-02 16:14:35,524 INFO o.a.j.t.JMeterThread: Thread is done: 通常運用時 2-85
2024-08-02 16:14:35,524 INFO o.a.j.t.JMeterThread: Thread finished: 通常運用時 2-85
2024-08-02 16:14:40,886 INFO o.a.j.t.JMeterThread: Thread started: 通常運用時 2-86
2024-08-02 16:14:41,479 INFO o.a.j.t.JMeterThread: Thread is done: 通常運用時 2-86
2024-08-02 16:14:41,479 INFO o.a.j.t.JMeterThread: Thread finished: 通常運用時 2-86
2024-08-02 16:14:46,824 INFO o.a.j.t.JMeterThread: Thread started: 通常運用時 2-87
2024-08-02 16:14:47,417 INFO o.a.j.t.JMeterThread: Thread is done: 通常運用時 2-87
2024-08-02 16:14:47,417 INFO o.a.j.t.JMeterThread: Thread finished: 通常運用時 2-87
2024-08-02 16:14:52,760 INFO o.a.j.t.JMeterThread: Thread started: 通常運用時 2-88
2024-08-02 16:14:53,588 INFO o.a.j.t.JMeterThread: Thread is done: 通常運用時 2-88
2024-08-02 16:14:53,588 INFO o.a.j.t.JMeterThread: Thread finished: 通常運用時 2-88
2024-08-02 16:14:58,694 INFO o.a.j.t.JMeterThread: Thread started: 通常運用時 2-89
2024-08-02 16:14:59,341 INFO o.a.j.t.JMeterThread: Thread is done: 通常運用時 2-89
2024-08-02 16:14:59,342 INFO o.a.j.t.JMeterThread: Thread finished: 通常運用時 2-89
2024-08-02 16:15:04,629 INFO o.a.j.t.JMeterThread: Thread started: 通常運用時 2-90
2024-08-02 16:15:05,052 INFO o.a.j.r.Summariser: summary +     27 in 00:00:35 =    0.8/s Avg:   364 Min:    61 Max:  4436 Err:     0 (0.00%) Active: 1 Started: 90 Finished: 89
2024-08-02 16:15:05,052 INFO o.a.j.r.Summariser: summary =    357 in 00:08:49 =    0.7/s Avg:   490 Min:    57 Max:  5775 Err:     0 (0.00%)
2024-08-02 16:15:05,621 INFO o.a.j.t.JMeterThread: Thread is done: 通常運用時 2-90
2024-08-02 16:15:05,621 INFO o.a.j.t.JMeterThread: Thread finished: 通常運用時 2-90
2024-08-02 16:15:10,562 INFO o.a.j.t.JMeterThread: Thread started: 通常運用時 2-91
2024-08-02 16:15:11,161 INFO o.a.j.t.JMeterThread: Thread is done: 通常運用時 2-91
2024-08-02 16:15:11,161 INFO o.a.j.t.JMeterThread: Thread finished: 通常運用時 2-91
2024-08-02 16:15:16,495 INFO o.a.j.t.JMeterThread: Thread started: 通常運用時 2-92
2024-08-02 16:15:17,078 INFO o.a.j.t.JMeterThread: Thread is done: 通常運用時 2-92
2024-08-02 16:15:17,078 INFO o.a.j.t.JMeterThread: Thread finished: 通常運用時 2-92
2024-08-02 16:15:22,429 INFO o.a.j.t.JMeterThread: Thread started: 通常運用時 2-93
2024-08-02 16:15:23,405 INFO o.a.j.t.JMeterThread: Thread is done: 通常運用時 2-93
2024-08-02 16:15:23,406 INFO o.a.j.t.JMeterThread: Thread finished: 通常運用時 2-93
2024-08-02 16:15:28,363 INFO o.a.j.t.JMeterThread: Thread started: 通常運用時 2-94
2024-08-02 16:15:28,995 INFO o.a.j.t.JMeterThread: Thread is done: 通常運用時 2-94
2024-08-02 16:15:28,995 INFO o.a.j.t.JMeterThread: Thread finished: 通常運用時 2-94
2024-08-02 16:15:34,297 INFO o.a.j.t.JMeterThread: Thread started: 通常運用時 2-95
2024-08-02 16:15:34,403 INFO o.a.j.r.Summariser: summary +     20 in 00:00:29 =    0.7/s Avg:   171 Min:    63 Max:   462 Err:     0 (0.00%) Active: 1 Started: 95 Finished: 94
2024-08-02 16:15:34,403 INFO o.a.j.r.Summariser: summary =    377 in 00:09:19 =    0.7/s Avg:   473 Min:    57 Max:  5775 Err:     0 (0.00%)
2024-08-02 16:15:34,868 INFO o.a.j.t.JMeterThread: Thread is done: 通常運用時 2-95
2024-08-02 16:15:34,869 INFO o.a.j.t.JMeterThread: Thread finished: 通常運用時 2-95
2024-08-02 16:15:40,231 INFO o.a.j.t.JMeterThread: Thread started: 通常運用時 2-96
2024-08-02 16:15:41,069 INFO o.a.j.t.JMeterThread: Thread is done: 通常運用時 2-96
2024-08-02 16:15:41,070 INFO o.a.j.t.JMeterThread: Thread finished: 通常運用時 2-96
2024-08-02 16:15:46,164 INFO o.a.j.t.JMeterThread: Thread started: 通常運用時 2-97
2024-08-02 16:15:50,310 INFO o.a.j.t.JMeterThread: Thread is done: 通常運用時 2-97
2024-08-02 16:15:50,311 INFO o.a.j.t.JMeterThread: Thread finished: 通常運用時 2-97
2024-08-02 16:15:52,096 INFO o.a.j.t.JMeterThread: Thread started: 通常運用時 2-98
2024-08-02 16:15:56,244 INFO o.a.j.t.JMeterThread: Thread is done: 通常運用時 2-98
2024-08-02 16:15:56,244 INFO o.a.j.t.JMeterThread: Thread finished: 通常運用時 2-98
2024-08-02 16:15:58,022 INFO o.a.j.t.JMeterThread: Thread started: 通常運用時 2-99
2024-08-02 16:16:01,949 INFO o.a.j.r.Summariser: summary +     17 in 00:00:28 =    0.6/s Avg:   793 Min:    66 Max:  2953 Err:     0 (0.00%) Active: 1 Started: 99 Finished: 98
2024-08-02 16:16:01,950 INFO o.a.j.r.Summariser: summary =    394 in 00:09:46 =    0.7/s Avg:   486 Min:    57 Max:  5775 Err:     0 (0.00%)
2024-08-02 16:16:02,103 INFO o.a.j.t.JMeterThread: Thread is done: 通常運用時 2-99
2024-08-02 16:16:02,104 INFO o.a.j.t.JMeterThread: Thread finished: 通常運用時 2-99
2024-08-02 16:16:03,949 INFO o.a.j.t.JMeterThread: Thread started: 通常運用時 2-100
2024-08-02 16:16:08,075 INFO o.a.j.t.JMeterThread: Thread is done: 通常運用時 2-100
2024-08-02 16:16:08,075 INFO o.a.j.t.JMeterThread: Thread finished: 通常運用時 2-100
2024-08-02 16:16:09,874 INFO o.a.j.t.JMeterThread: Thread started: 通常運用時 2-101
2024-08-02 16:16:13,927 INFO o.a.j.t.JMeterThread: Thread is done: 通常運用時 2-101
2024-08-02 16:16:13,928 INFO o.a.j.t.JMeterThread: Thread finished: 通常運用時 2-101
2024-08-02 16:16:15,793 INFO o.a.j.t.JMeterThread: Thread started: 通常運用時 2-102
2024-08-02 16:16:19,761 INFO o.a.j.t.JMeterThread: Thread is done: 通常運用時 2-102
2024-08-02 16:16:19,761 INFO o.a.j.t.JMeterThread: Thread finished: 通常運用時 2-102
2024-08-02 16:16:19,762 INFO o.a.j.e.StandardJMeterEngine: Notifying test listeners of end of test
2024-08-02 16:16:19,764 INFO o.a.j.r.Summariser: summary +     14 in 00:00:18 =    0.8/s Avg:   877 Min:    58 Max:  2922 Err:     0 (0.00%) Active: 0 Started: 102 Finished: 102
2024-08-02 16:16:19,765 INFO o.a.j.r.Summariser: summary =    408 in 00:10:04 =    0.7/s Avg:   500 Min:    57 Max:  5775 Err:     0 (0.00%)
2024-08-02 16:16:19,765 INFO o.a.j.JMeter: Generating Dashboard
2024-08-02 16:16:19,766 INFO o.a.j.r.d.ReportGenerator: Flushing result collector before report Generation
2024-08-02 16:16:19,790 INFO o.a.j.r.p.NormalizerSampleConsumer: Using format, 'ms', to parse timeStamp field
2024-08-02 16:16:19,886 INFO o.a.j.r.p.AbstractSampleConsumer: class org.apache.jmeter.report.processor.AggregateConsumer#stopProducing(): beginDate produced 0 samples
2024-08-02 16:16:19,886 INFO o.a.j.r.p.AbstractSampleConsumer: class org.apache.jmeter.report.processor.AggregateConsumer#stopProducing(): endDate produced 0 samples
2024-08-02 16:16:19,887 INFO o.a.j.r.p.AbstractSampleConsumer: class org.apache.jmeter.report.processor.ApdexSummaryConsumer#stopProducing(): apdexSummary produced 0 samples
2024-08-02 16:16:19,887 INFO o.a.j.r.p.AbstractSampleConsumer: class org.apache.jmeter.report.processor.RequestsSummaryConsumer#stopProducing(): requestsSummary produced 0 samples
2024-08-02 16:16:19,889 INFO o.a.j.r.p.AbstractSampleConsumer: class org.apache.jmeter.report.processor.StatisticsSummaryConsumer#stopProducing(): statisticsSummary produced 0 samples
2024-08-02 16:16:19,891 INFO o.a.j.r.p.AbstractSampleConsumer: class org.apache.jmeter.report.processor.Top5ErrorsBySamplerConsumer#stopProducing(): top5ErrorsBySampler produced 0 samples
2024-08-02 16:16:19,891 INFO o.a.j.r.p.AbstractSampleConsumer: class org.apache.jmeter.report.processor.ErrorsSummaryConsumer#stopProducing(): errorsSummary produced 0 samples
2024-08-02 16:16:19,891 INFO o.a.j.r.p.AbstractSampleConsumer: class org.apache.jmeter.report.processor.graph.impl.HitsPerSecondGraphConsumer#stopProducing(): hitsPerSecond produced 0 samples
2024-08-02 16:16:19,909 INFO o.a.j.r.p.AbstractSampleConsumer: class org.apache.jmeter.report.processor.graph.impl.LatencyVSRequestGraphConsumer#stopProducing(): latencyVsRequest produced 0 samples
2024-08-02 16:16:19,909 INFO o.a.j.r.p.AbstractSampleConsumer: class org.apache.jmeter.report.processor.graph.impl.SyntheticResponseTimeDistributionGraphConsumer#stopProducing(): syntheticResponseTimeDistribution produced 0 samples
2024-08-02 16:16:19,910 INFO o.a.j.r.p.AbstractSampleConsumer: class org.apache.jmeter.report.processor.graph.impl.BytesThroughputGraphConsumer#stopProducing(): bytesThroughputOverTime produced 0 samples
2024-08-02 16:16:19,910 INFO o.a.j.r.p.AbstractSampleConsumer: class org.apache.jmeter.report.processor.graph.impl.CodesPerSecondGraphConsumer#stopProducing(): codesPerSecond produced 0 samples
2024-08-02 16:16:19,916 INFO o.a.j.r.p.AbstractSampleConsumer: class org.apache.jmeter.report.processor.graph.impl.ResponseTimeVSRequestGraphConsumer#stopProducing(): responseTimeVsRequest produced 0 samples
2024-08-02 16:16:19,916 INFO o.a.j.r.p.AbstractSampleConsumer: class org.apache.jmeter.report.processor.FilterConsumer#stopProducing(): startIntervalControlerFilter produced 2856 samples
2024-08-02 16:16:19,916 INFO o.a.j.r.p.AbstractSampleConsumer: class org.apache.jmeter.report.processor.graph.impl.TotalTPSGraphConsumer#stopProducing(): totalTPS produced 0 samples
2024-08-02 16:16:19,916 INFO o.a.j.r.p.AbstractSampleConsumer: class org.apache.jmeter.report.processor.graph.impl.ActiveThreadsGraphConsumer#stopProducing(): activeThreadsOverTime produced 0 samples
2024-08-02 16:16:19,916 INFO o.a.j.r.p.AbstractSampleConsumer: class org.apache.jmeter.report.processor.graph.impl.TimeVSThreadGraphConsumer#stopProducing(): timeVsThreads produced 0 samples
2024-08-02 16:16:19,916 INFO o.a.j.r.p.AbstractSampleConsumer: class org.apache.jmeter.report.processor.graph.impl.ResponseTimeDistributionGraphConsumer#stopProducing(): responseTimeDistribution produced 0 samples
2024-08-02 16:16:19,916 INFO o.a.j.r.p.AbstractSampleConsumer: class org.apache.jmeter.report.processor.graph.impl.TransactionsPerSecondGraphConsumer#stopProducing(): transactionsPerSecond produced 0 samples
2024-08-02 16:16:19,916 INFO o.a.j.r.p.AbstractSampleConsumer: class org.apache.jmeter.report.processor.graph.impl.ResponseTimePercentilesGraphConsumer#stopProducing(): responseTimePercentiles produced 0 samples
2024-08-02 16:16:19,917 INFO o.a.j.r.p.AbstractSampleConsumer: class org.apache.jmeter.report.processor.graph.impl.ResponseTimePercentilesOverTimeGraphConsumer#stopProducing(): responseTimePercentilesOverTime produced 0 samples
2024-08-02 16:16:19,918 INFO o.a.j.r.p.AbstractSampleConsumer: class org.apache.jmeter.report.processor.graph.impl.ResponseTimeOverTimeGraphConsumer#stopProducing(): responseTimesOverTime produced 0 samples
2024-08-02 16:16:19,918 INFO o.a.j.r.p.AbstractSampleConsumer: class org.apache.jmeter.report.processor.graph.impl.ConnectTimeOverTimeGraphConsumer#stopProducing(): connectTimeOverTime produced 0 samples
2024-08-02 16:16:19,918 INFO o.a.j.r.p.AbstractSampleConsumer: class org.apache.jmeter.report.processor.graph.impl.LatencyOverTimeGraphConsumer#stopProducing(): latenciesOverTime produced 0 samples
2024-08-02 16:16:19,918 INFO o.a.j.r.p.AbstractSampleConsumer: class org.apache.jmeter.report.processor.FilterConsumer#stopProducing(): nameFilter produced 6120 samples
2024-08-02 16:16:19,918 INFO o.a.j.r.p.AbstractSampleConsumer: class org.apache.jmeter.report.processor.FilterConsumer#stopProducing(): dateRangeFilter produced 1224 samples
2024-08-02 16:16:19,918 INFO o.a.j.r.p.AbstractSampleConsumer: class org.apache.jmeter.report.processor.NormalizerSampleConsumer#stopProducing(): normalizer produced 408 samples
2024-08-02 16:16:19,919 INFO o.a.j.r.p.CsvFileSampleSource: produce(): 408 samples produced in 99ms on channel 0
2024-08-02 16:16:19,919 INFO o.a.j.r.d.ReportGenerator: Exporting data using exporter:'json' of className:'org.apache.jmeter.report.dashboard.JsonExporter'
2024-08-02 16:16:19,970 INFO o.a.j.r.d.JsonExporter: Found data for consumer statisticsSummary in context
2024-08-02 16:16:19,970 INFO o.a.j.r.d.JsonExporter: Creating statistics for overall
2024-08-02 16:16:19,970 INFO o.a.j.r.d.JsonExporter: Creating statistics for other transactions
2024-08-02 16:16:19,971 INFO o.a.j.r.d.JsonExporter: Checking output folder
2024-08-02 16:16:19,971 INFO o.a.j.r.d.JsonExporter: Writing statistics JSON to /Users/ishidamasahide/product/work/saco/da-acstar-cms/apps/api/jmeter/report/normal/statistics.json
2024-08-02 16:16:19,992 INFO o.a.j.r.d.ReportGenerator: Exporting data using exporter:'html' of className:'org.apache.jmeter.report.dashboard.HtmlTemplateExporter'
2024-08-02 16:16:19,993 INFO o.a.j.r.d.HtmlTemplateExporter: Will generate dashboard in folder: /Users/ishidamasahide/product/work/saco/da-acstar-cms/apps/api/jmeter/report/normal
2024-08-02 16:16:20,054 INFO o.a.j.r.d.HtmlTemplateExporter: Report will be generated in: /Users/ishidamasahide/product/work/saco/da-acstar-cms/apps/api/jmeter/report/normal, creating folder structure
2024-08-02 16:16:20,055 INFO o.a.j.r.d.TemplateVisitor: Copying folder from '/opt/homebrew/Cellar/jmeter/5.6.3/libexec/bin/report-template' to '/Users/ishidamasahide/product/work/saco/da-acstar-cms/apps/api/jmeter/report/normal', got message: /Users/ishidamasahide/product/work/saco/da-acstar-cms/apps/api/jmeter/report/normal, found non empty folder with following content [/Users/ishidamasahide/product/work/saco/da-acstar-cms/apps/api/jmeter/report/normal/statistics.json], will be ignored
2024-08-02 16:16:20,249 INFO o.a.j.JMeter: Dashboard generated
